<?xml version="1.0" encoding="UTF-8"?>
<beans xmlns="http://www.springframework.org/schema/beans"
       xmlns:xsi="http://www.w3.org/2001/XMLSchema-instance"
       xmlns:tx="http://www.springframework.org/schema/tx"
       xmlns:aop="http://www.springframework.org/schema/aop"
       xmlns:context="http://www.springframework.org/schema/context"
       xsi:schemaLocation="http://www.springframework.org/schema/beans
            http://www.springframework.org/schema/beans/spring-beans.xsd
            http://www.springframework.org/schema/aop
            http://www.springframework.org/schema/aop/spring-aop-3.0.xsd
            http://www.springframework.org/schema/tx
            http://www.springframework.org/schema/tx/spring-tx-2.5.xsd
            http://www.springframework.org/schema/context
            http://www.springframework.org/schema/context/spring-context.xsd">

    <bean id="dataSource" class="org.springframework.jdbc.datasource.SimpleDriverDataSource">
        <!-- String값이 아닌 값은 스프링 내부에서 자동으로 setter 메소드를 참고하여 값을 변환한다. -->
        <property name="driverClass" value="org.mariadb.jdbc.Driver"/>
        <property name="url" value="jdbc:mysql://45.120.69.55/study_spring"/>
        <property name="username" value="study_admin"/>
        <property name="password" value="Tmxjel$&amp;*$8266"/>
    </bean>

    <bean id="userService" class="springbook.user.service.UserServiceImpl">
        <property name="userDao" ref="userDao"/>
        <property name="mailSender" ref="mailSender"/>
    </bean>

    <bean id="testUserService"
          class="springbook.user.service.UserServiceTest$TestUserServiceImpl"
          parent="userService"/>

    <bean id="userDao" class="springbook.user.dao.UserDaoJdbc">
        <property name="dataSource" ref="dataSource"/>
        <property name="sqlService" ref="sqlService"/>
    </bean>

    <bean id="sqlService" class="springbook.user.sql.XmlSqlService">
        <property name="sqlmapFile"
                  value="sqlmap.xml" />
    </bean>

    <bean id="oldSqlService" class="springbook.user.sql.SimpleSqlService">
        <property name="sqlMap">
            <map>
                <entry key="userAdd"
                       value="insert into users(id, name, email, password, level, login, recommend) values(?, ?, ?, ?, ?, ?, ?)"/>
                <entry key="userGet"
                       value="SELECT * FROM users WHERE id = ?" />
                <entry key="userGetAll"
                       value="SELECT * FROM users" />
                <entry key="userDeleteAll"
                       value="DELETE FROM users" />
                <entry key="userGetCount"
                       value="SELECT COUNT(*) FROM users" />
                <entry key="userUpdate"
                       value="UPDATE users SET name = ?, password = ?, email = ?, level = ?, login = ?, recommend = ? WHERE id = ?" />
            </map>
        </property>
    </bean>


    <bean id="transactionManager" class="org.springframework.jdbc.datasource.DataSourceTransactionManager">
        <property name="dataSource" ref="dataSource"/>
    </bean>

    <bean id="mailSender" class="springbook.user.service.DummyMailSender">
    </bean>

    <bean id="message"
          class="springbook.learningtest.factorybean.MessageFactoryBean">
        <property name="text" value="Factory Bean" />
    </bean>

    <tx:annotation-driven />
    <context:annotation-config />

    <bean class="org.springframework.aop.framework.autoproxy.DefaultAdvisorAutoProxyCreator"/>
</beans>