<?xml version="1.0" encoding="UTF-8"?>
<beans xmlns="http://www.springframework.org/schema/beans"
       xmlns:xsi="http://www.w3.org/2001/XMLSchema-instance"
       xmlns:tx="http://www.springframework.org/schema/tx"
       xmlns:aop="http://www.springframework.org/schema/aop"
       xmlns:context="http://www.springframework.org/schema/context"
       xmlns:jdbc="http://www.springframework.org/schema/jdbc"
       xsi:schemaLocation="http://www.springframework.org/schema/beans
            http://www.springframework.org/schema/beans/spring-beans.xsd
            http://www.springframework.org/schema/aop
            http://www.springframework.org/schema/aop/spring-aop-3.0.xsd
            http://www.springframework.org/schema/tx
            http://www.springframework.org/schema/tx/spring-tx-2.5.xsd
            http://www.springframework.org/schema/context
            http://www.springframework.org/schema/context/spring-context.xsd http://www.springframework.org/schema/jdbc http://www.springframework.org/schema/jdbc/spring-jdbc.xsd">


    <bean id="oldSqlService" class="springbook.user.sql.SimpleSqlService">
        <property name="sqlMap">
            <map>
                <entry key="userAdd"
                       value="insert into users(id, name, email, password, level, login, recommend) values(?, ?, ?, ?, ?, ?, ?)"/>
                <entry key="userGet"
                       value="SELECT * FROM users WHERE id = ?" />
                <entry key="userGetAll"
                       value="SELECT * FROM users" />
                <entry key="userDeleteAll"
                       value="DELETE FROM users" />
                <entry key="userGetCount"
                       value="SELECT COUNT(*) FROM users" />
                <entry key="userUpdate"
                       value="UPDATE users SET name = ?, password = ?, email = ?, level = ?, login = ?, recommend = ? WHERE id = ?" />
            </map>
        </property>
    </bean>

    <bean id="message"
          class="springbook.learningtest.factorybean.MessageFactoryBean">
        <property name="text" value="Factory Bean" />
    </bean>

    <tx:annotation-driven />

    <bean class="org.springframework.aop.framework.autoproxy.DefaultAdvisorAutoProxyCreator"/>
</beans>