<?xml version="1.0" encoding="UTF-8"?>
<beans xmlns="http://www.springframework.org/schema/beans"
       xmlns:xsi="http://www.w3.org/2001/XMLSchema-instance"
       xsi:schemaLocation="http://www.springframework.org/schema/beans http://www.springframework.org/schema/beans/spring-beans.xsd">
    <bean id="dataSource" class="org.springframework.jdbc.datasource.SimpleDriverDataSource">
        <!-- String값이 아닌 값은 스프링 내부에서 자동으로 setter 메소드를 참고하여 값을 변환한다. -->
        <property name="driverClass" value="org.mariadb.jdbc.Driver"/>
        <property name="url" value="jdbc:mysql://45.120.69.55/study_spring"/>
        <property name="username" value="study_admin"/>
        <property name="password" value="Tmxjel$&amp;*$8266"/>
    </bean>

    <bean id="userService" class="springbook.user.service.UserServiceImpl">
        <property name="userDao" ref="userDao"/>
        <property name="mailSender" ref="mailSender"/>
    </bean>

    <bean id="testUserService"
          class="springbook.user.service.UserServiceTest$TestUserServiceImpl"
          parent="userService"/>

    <bean id="userDao" class="springbook.user.dao.UserDaoJdbc">
        <property name="dataSource" ref="dataSource"/>
    </bean>

    <bean id="transactionManager" class="org.springframework.jdbc.datasource.DataSourceTransactionManager">
        <property name="dataSource" ref="dataSource"/>
    </bean>

    <bean id="mailSender" class="springbook.user.service.DummyMailSender">
    </bean>

    <bean id="message"
          class="springbook.learningtest.factorybean.MessageFactoryBean">
        <property name="text" value="Factory Bean" />
    </bean>

    <bean id="transactionAdvice" class="springbook.user.service.TransactionAdvice">
        <property name="transactionManager" ref="transactionManager"/>
    </bean>

    <bean id="transactionPointcut"
          class="springbook.service.NameMatchClassMethodPointcut">
        <property name="mappedClassName" value="*ServiceImpl" />
        <property name="mappedName" value="upgrade*"/>
    </bean>

    <bean id="transactionAdvisor"
          class="org.springframework.aop.support.DefaultPointcutAdvisor">
        <property name="advice" ref="transactionAdvice"/>
        <property name="pointcut" ref="transactionPointcut"/>
    </bean>

    <bean class="org.springframework.aop.framework.autoproxy.DefaultAdvisorAutoProxyCreator"/>
</beans>