<?xml version="1.0" encoding="UTF-8"?>
<beans xmlns="http://www.springframework.org/schema/beans"
       xmlns:xsi="http://www.w3.org/2001/XMLSchema-instance"
       xmlns:tx="http://www.springframework.org/schema/tx"
       xmlns:aop="http://www.springframework.org/schema/aop"
       xmlns:context="http://www.springframework.org/schema/context"
       xmlns:jdbc="http://www.springframework.org/schema/jdbc"
       xsi:schemaLocation="http://www.springframework.org/schema/beans
            http://www.springframework.org/schema/beans/spring-beans.xsd
            http://www.springframework.org/schema/aop
            http://www.springframework.org/schema/aop/spring-aop-3.0.xsd
            http://www.springframework.org/schema/tx
            http://www.springframework.org/schema/tx/spring-tx-2.5.xsd
            http://www.springframework.org/schema/context
            http://www.springframework.org/schema/context/spring-context.xsd http://www.springframework.org/schema/jdbc http://www.springframework.org/schema/jdbc/spring-jdbc.xsd">


    <bean id="userService" class="springbook.user.service.UserServiceImpl">
        <property name="userDao" ref="userDao"/>
        <property name="mailSender" ref="mailSender"/>
    </bean>

    <bean id="testUserService"
          class="springbook.user.service.UserServiceTest$TestUserServiceImpl"
          parent="userService"/>

    <bean id="userDao" class="springbook.user.dao.UserDaoJdbc">
        <property name="dataSource" ref="dataSource"/>
        <property name="sqlService" ref="sqlService"/>
    </bean>

    <bean id="sqlService" class="springbook.user.sql.OxmSqlService">
        <property name="unmarshaller" ref="unmarshaller"/>
        <property name="sqlRegistry" ref="sqlRegistry"/>
    </bean>

    <bean id="sqlRegistry" class="springbook.user.sql.EmbeddedDbSqlRegistry">
        <property name="dataSource" ref="embeddedDatabase"/>
    </bean>

    <bean id="unmarshaller" class="org.springframework.oxm.jaxb.Jaxb2Marshaller">
        <property name="contextPath" value="springbook.user.sql.jaxb"/>
    </bean>

    <bean id="oldSqlService" class="springbook.user.sql.SimpleSqlService">
        <property name="sqlMap">
            <map>
                <entry key="userAdd"
                       value="insert into users(id, name, email, password, level, login, recommend) values(?, ?, ?, ?, ?, ?, ?)"/>
                <entry key="userGet"
                       value="SELECT * FROM users WHERE id = ?" />
                <entry key="userGetAll"
                       value="SELECT * FROM users" />
                <entry key="userDeleteAll"
                       value="DELETE FROM users" />
                <entry key="userGetCount"
                       value="SELECT COUNT(*) FROM users" />
                <entry key="userUpdate"
                       value="UPDATE users SET name = ?, password = ?, email = ?, level = ?, login = ?, recommend = ? WHERE id = ?" />
            </map>
        </property>
    </bean>


    <bean id="transactionManager" class="org.springframework.jdbc.datasource.DataSourceTransactionManager">
        <property name="dataSource" ref="dataSource"/>
    </bean>

    <bean id="mailSender" class="springbook.user.service.DummyMailSender">
    </bean>

    <bean id="message"
          class="springbook.learningtest.factorybean.MessageFactoryBean">
        <property name="text" value="Factory Bean" />
    </bean>

    <jdbc:embedded-database id="embeddedDatabase" type="HSQL">
        <jdbc:script location="classpath:/sql/schema.sql"/>
    </jdbc:embedded-database>

    <tx:annotation-driven />

    <bean class="org.springframework.aop.framework.autoproxy.DefaultAdvisorAutoProxyCreator"/>
</beans>