<?xml version="1.0" encoding="UTF-8"?>
<beans xmlns="http://www.springframework.org/schema/beans"
       xmlns:xsi="http://www.w3.org/2001/XMLSchema-instance"
       xsi:schemaLocation="http://www.springframework.org/schema/beans http://www.springframework.org/schema/beans/spring-beans.xsd">
    <bean id="testString1" class="java.lang.String">
        <constructor-arg value="testString1"/>
    </bean>
    <bean id="testString2" class="java.lang.String">
        <constructor-arg value="testString2"/>
    </bean>
    <bean id="testString3" class="java.lang.String">
        <constructor-arg value="testString3"/>
    </bean>
</beans>